  Core.cpp
  pch.cpp
  Object.cpp
  Player.cpp
  Server.cpp
  Stream.cpp
  Vehicle.cpp
  EventManager.cpp
  TimerManager.cpp
  vcmpTimer.cpp
  async_bench.cpp
  bench.cpp
  formatter-bench.cpp
D:\Development\C++\VCMP-Lua\VCMP-LUA\vendor\spdlog\bench\formatter-bench.cpp(6,10): fatal error C1083: Cannot open include file: 'benchmark/benchmark.h': No such file or directory
  latency.cpp
D:\Development\C++\VCMP-Lua\VCMP-LUA\vendor\spdlog\bench\latency.cpp(10,10): fatal error C1083: Cannot open include file: 'benchmark/benchmark.h': No such file or directory
  async.cpp
  cfg.cpp
  color_sinks.cpp
  file_sinks.cpp
  fmt.cpp
  spdlog.cpp
  stdout_sinks.cpp
