d:\development\c++\vcmp-lua\bin-int\release-windows-x86_64\luaplugin\server.obj
d:\development\c++\vcmp-lua\bin-int\release-windows-x86_64\luaplugin\vcmptimer.obj
d:\development\c++\vcmp-lua\bin-int\release-windows-x86_64\luaplugin\pch.obj
d:\development\c++\vcmp-lua\bin-int\release-windows-x86_64\luaplugin\timermanager.obj
d:\development\c++\vcmp-lua\bin-int\release-windows-x86_64\luaplugin\core.obj
d:\development\c++\vcmp-lua\bin-int\release-windows-x86_64\luaplugin\vehicle.obj
d:\development\c++\vcmp-lua\bin-int\release-windows-x86_64\luaplugin\object.obj
d:\development\c++\vcmp-lua\bin-int\release-windows-x86_64\luaplugin\player.obj
d:\development\c++\vcmp-lua\bin-int\release-windows-x86_64\luaplugin\eventmanager.obj
d:\development\c++\vcmp-lua\bin-int\release-windows-x86_64\luaplugin\stream.obj
d:\development\c++\vcmp-lua\bin-int\release-windows-x86_64\luaplugin\vc142.pdb
d:\development\c++\vcmp-lua\bin-int\release-windows-x86_64\luaplugin\convertutf.obj
d:\development\c++\vcmp-lua\bin\release-windows-x86_64\luaplugin\luaplugin.lib
d:\development\c++\vcmp-lua\bin\release-windows-x86_64\luaplugin\luaplugin.exp
d:\development\c++\vcmp-lua\bin-int\release-windows-x86_64\luaplugin\luaplugin.tlog\cl.command.1.tlog
d:\development\c++\vcmp-lua\bin-int\release-windows-x86_64\luaplugin\luaplugin.tlog\cl.read.1.tlog
d:\development\c++\vcmp-lua\bin-int\release-windows-x86_64\luaplugin\luaplugin.tlog\cl.write.1.tlog
d:\development\c++\vcmp-lua\bin-int\release-windows-x86_64\luaplugin\luaplugin.tlog\link.command.1.tlog
d:\development\c++\vcmp-lua\bin-int\release-windows-x86_64\luaplugin\luaplugin.tlog\link.read.1.tlog
d:\development\c++\vcmp-lua\bin-int\release-windows-x86_64\luaplugin\luaplugin.tlog\link.write.1.tlog
d:\development\c++\vcmp-lua\bin-int\release-windows-x86_64\luaplugin\luaplugin.tlog\luaplugin.write.1u.tlog
