d:\development\c++\vcmp-lua\bin-int\release-windows-x86_64\lua\lapi.obj
d:\development\c++\vcmp-lua\bin-int\release-windows-x86_64\lua\lgc.obj
d:\development\c++\vcmp-lua\bin-int\release-windows-x86_64\lua\lstrlib.obj
d:\development\c++\vcmp-lua\bin-int\release-windows-x86_64\lua\lvm.obj
d:\development\c++\vcmp-lua\bin-int\release-windows-x86_64\lua\lctype.obj
d:\development\c++\vcmp-lua\bin-int\release-windows-x86_64\lua\ldebug.obj
d:\development\c++\vcmp-lua\bin-int\release-windows-x86_64\lua\lobject.obj
d:\development\c++\vcmp-lua\bin-int\release-windows-x86_64\lua\ltm.obj
d:\development\c++\vcmp-lua\bin-int\release-windows-x86_64\lua\lundump.obj
d:\development\c++\vcmp-lua\bin-int\release-windows-x86_64\lua\lbitlib.obj
d:\development\c++\vcmp-lua\bin-int\release-windows-x86_64\lua\ldump.obj
d:\development\c++\vcmp-lua\bin-int\release-windows-x86_64\lua\loadlib.obj
d:\development\c++\vcmp-lua\bin-int\release-windows-x86_64\lua\ldblib.obj
d:\development\c++\vcmp-lua\bin-int\release-windows-x86_64\lua\lfunc.obj
d:\development\c++\vcmp-lua\bin-int\release-windows-x86_64\lua\lmathlib.obj
d:\development\c++\vcmp-lua\bin-int\release-windows-x86_64\lua\lopcodes.obj
d:\development\c++\vcmp-lua\bin-int\release-windows-x86_64\lua\lstring.obj
d:\development\c++\vcmp-lua\bin-int\release-windows-x86_64\lua\luac.obj
d:\development\c++\vcmp-lua\bin-int\release-windows-x86_64\lua\lcode.obj
d:\development\c++\vcmp-lua\bin-int\release-windows-x86_64\lua\llex.obj
d:\development\c++\vcmp-lua\bin-int\release-windows-x86_64\lua\lua.obj
d:\development\c++\vcmp-lua\bin-int\release-windows-x86_64\lua\lauxlib.obj
d:\development\c++\vcmp-lua\bin-int\release-windows-x86_64\lua\liolib.obj
d:\development\c++\vcmp-lua\bin-int\release-windows-x86_64\lua\lparser.obj
d:\development\c++\vcmp-lua\bin-int\release-windows-x86_64\lua\lzio.obj
d:\development\c++\vcmp-lua\bin-int\release-windows-x86_64\lua\lcorolib.obj
d:\development\c++\vcmp-lua\bin-int\release-windows-x86_64\lua\ldo.obj
d:\development\c++\vcmp-lua\bin-int\release-windows-x86_64\lua\lmem.obj
d:\development\c++\vcmp-lua\bin-int\release-windows-x86_64\lua\lstate.obj
d:\development\c++\vcmp-lua\bin-int\release-windows-x86_64\lua\ltable.obj
d:\development\c++\vcmp-lua\bin-int\release-windows-x86_64\lua\lutf8lib.obj
d:\development\c++\vcmp-lua\bin-int\release-windows-x86_64\lua\lbaselib.obj
d:\development\c++\vcmp-lua\bin-int\release-windows-x86_64\lua\linit.obj
d:\development\c++\vcmp-lua\bin-int\release-windows-x86_64\lua\loslib.obj
d:\development\c++\vcmp-lua\bin-int\release-windows-x86_64\lua\ltablib.obj
d:\development\c++\vcmp-lua\bin-int\release-windows-x86_64\lua\lua.pdb
d:\development\c++\vcmp-lua\bin\release-windows-x86_64\lua\lua.lib
d:\development\c++\vcmp-lua\vcmp-lua\vendor\lua\..\..\..\bin\release-windows-x86_64\lua\lua.lib
d:\development\c++\vcmp-lua\bin-int\release-windows-x86_64\lua\lua.tlog\cl.12176.write.1.tlog
d:\development\c++\vcmp-lua\bin-int\release-windows-x86_64\lua\lua.tlog\cl.command.1.tlog
d:\development\c++\vcmp-lua\bin-int\release-windows-x86_64\lua\lua.tlog\cl.read.1.tlog
d:\development\c++\vcmp-lua\bin-int\release-windows-x86_64\lua\lua.tlog\lib-link.read.1.tlog
d:\development\c++\vcmp-lua\bin-int\release-windows-x86_64\lua\lua.tlog\lib-link.write.1.tlog
d:\development\c++\vcmp-lua\bin-int\release-windows-x86_64\lua\lua.tlog\lib.command.1.tlog
